<?xml version="1.0" encoding="UTF-8"?>
<!-- Generated by org.testng.reporters.JUnitReportReporter -->
<testsuite hostname="DESKTOP-I2GOEGO" failures="0" tests="12" name="testcases.TC_001_Signup" time="175.818" errors="0" timestamp="2025-01-22T16:20:39 IST" skipped="0">
  <testcase classname="testcases.TC_001_Signup" name="setSignup" time="27.722"/>
  <system-out/>
  <testcase classname="testcases.TC_001_Signup" name="checkSignup" time="12.772"/>
  <system-out/>
  <testcase classname="testcases.TC_001_Signup" name="checkSignup" time="13.178"/>
  <system-out/>
  <testcase classname="testcases.TC_001_Signup" name="checkSignup" time="13.049"/>
  <system-out/>
  <testcase classname="testcases.TC_001_Signup" name="checkSignup" time="12.764"/>
  <system-out/>
  <testcase classname="testcases.TC_001_Signup" name="checkSignup" time="13.635"/>
  <system-out/>
  <testcase classname="testcases.TC_001_Signup" name="checkSignup" time="17.372"/>
  <system-out/>
  <testcase classname="testcases.TC_001_Signup" name="checkSignup" time="12.366"/>
  <system-out/>
  <testcase classname="testcases.TC_001_Signup" name="checkSignup" time="13.122"/>
  <system-out/>
  <testcase classname="testcases.TC_001_Signup" name="checkSignup" time="13.010"/>
  <system-out/>
  <testcase classname="testcases.TC_001_Signup" name="checkSignup" time="13.492"/>
  <system-out/>
  <testcase classname="testcases.TC_001_Signup" name="checkSignup" time="13.336"/>
  <system-out/>
</testsuite> <!-- testcases.TC_001_Signup -->
